<?xml version="1.0" encoding="UTF-8"?>
<!-- Generated by org.testng.reporters.JUnitReportReporter -->
<testsuite hostname="DESKTOP-HHI39E0" failures="0" tests="1" name="pageObjectModel.LoginTest" time="11.060" errors="0" timestamp="2020-02-26T09:59:49 IST" skipped="0">
  <testcase classname="pageObjectModel.LoginTest" name="login" time="11.060"/>
</testsuite> <!-- pageObjectModel.LoginTest -->
